<?xml version="1.0" encoding="UTF-8" ?>
<testsuite errors="0" failures="0" hostname="florian-mullers-macbook.local" name="de.tests.ws.TestWebService" tests="2" time="0.639" timestamp="2010-06-15T14:33:08">
  <properties>
[...]
</properties>
  <testcase classname="de.tests.ws.TestWebService" name="maintenanceTest" time="0.455" />
  <testcase classname="de.tests.ws.TestWebService" name="createDomainTest" time="0.028" />
  <system-out><![CDATA[Hier wurde Item erstellt!!!!!!!!!!!!!!!
This is bla: 1
This is bla: 2
This is bla: 3
1     cars
1 price cars 10 Euro
1 brand cars VW
2     bikes
2 price bikes 5 Euro
2 brand bikes Holland
3     products
3 price products 2 Euro
3 brand products Becks
]]></system-out>
  <system-err><![CDATA[]]></system-err>
</testsuite>
